MLA843116615 ---- Monitor Dell P2419h Led 24  Negro 100v/240v ----- MLA14407 ---- MLA-COMPUTER_MONITORS
MLA663208480 ---- Notebook Laptop Dell Inspiron I5 16g 256ssd Ubuntu Ram ----- MLA1652 ---- MLA-NOTEBOOKS
MLA838441150 ---- Servidor Poweredge Dell T40 Xeon E3-2224 16gb 1tb Hd Gtia ----- MLA1649 ---- MLA-DESKTOP_COMPUTERS
MLA869670211 ---- Cable Candado Seguridad Dell Noble Tz04t Lock Low Profile  ----- MLA82335 ---- MLA-COMPUTER_EQUIPMENT_AND_SPARE_PARTS
MLA763012088 ---- Monitor Dell 24 Profesional P2419h 1080 60hz Vertical ----- MLA14407 ---- MLA-COMPUTER_MONITORS
MLA870125306 ---- Notebook Laptop Dell Inspiron I5 32g 256ssd + 480ssd Ubuntu ----- MLA1652 ---- MLA-NOTEBOOKS
MLA740540307 ---- Servidor Poweredge Dell T40 Xeon E3-1225 8gb 1tb Hd Free Dos ----- MLA1649 ---- MLA-DESKTOP_COMPUTERS
MLA604049998 ---- Ups Apc Easy Bv650i-ar 650va Gtia Oficial 2 Años Bv650 ----- MLA1720 ---- MLA-STABILIZERS_AND_UPS
MLA677346308 ---- Notebook Laptop Dell Inspiron I3 8gb 1tb 14 Ubuntu Teclado Con Ñ Gtia De Tienda Oficial - Factura A Y B Ram ----- MLA1652 ---- MLA-NOTEBOOKS
MLA696009826 ---- Ups Apc 1000va Online Tower Gtia 2 Años ----- MLA1720 ---- MLA-STABILIZERS_AND_UPS
MLA862050665 ---- Servidor Poweredge Dell T40 Intel E3-2224 16gb 1tb Hd Cuotas ----- MLA1649 ---- MLA-DESKTOP_COMPUTERS
MLA814166024 ---- Notebook Dell Inspiron I7 256ssd 8gb 15.6 W10 Gforce Oferta ----- MLA1652 ---- MLA-NOTEBOOKS
MLA685442693 ---- Switch Cisco 24 Puertos Gigabit Rack 10/100/1000 ----- MLA1708 ---- MLA-NETWORK_SWITCHES
MLA609550688 ---- Ups Apc Easy 500va Estabilizador Y Protector De Tension Con Ahorro De Energia Gtia Oficial 2 Años ----- MLA1720 ---- MLA-STABILIZERS_AND_UPS
MLA665986505 ---- Servidor Dell T140 Xeon E3-2124 16gb 2tb Reemplazo T130 ----- MLA1649 ---- MLA-DESKTOP_COMPUTERS
MLA833393643 ---- Notebook Laptop Dell Inspiron I5 10g 8g 256gb Ubuntu Oferta ----- MLA1652 ---- MLA-NOTEBOOKS
MLA701423768 ---- Switch Cisco 8 Puertos Port 10/100/1000 Giga Sg100 Oferta Para Hogar Y Empresa - Garantia Oficial - Factura A Y B ----- MLA1708 ---- MLA-NETWORK_SWITCHES
MLA609714711 ---- Ups Apc Back-ups Pro 550va 230 Estabilizador Y Protector De Tensión Con Ahorro De Energia Gtia Oficial Br550 ----- MLA1720 ---- MLA-STABILIZERS_AND_UPS
MLA723894205 ---- Router Cisco Dual Wan Vpn Firewall Rv340-k9 Oferta Gtia Oficial - Factura A Y B ----- MLA430901 ---- MLA-ROUTERS_AND_WIRELESS_SYSTEMS
MLA814217735 ---- Servidor Dell T140 Xeon E3-2124 32gb 4tb Reemplazo T130 ----- MLA1649 ---- MLA-DESKTOP_COMPUTERS
MLA609116302 ---- Ups Apc 1500va Con Ahorro De Energa Estabilizador Y Protector De Tension Gtia Oficial Ideal Para Uso Gamer ----- MLA1720 ---- MLA-STABILIZERS_AND_UPS
MLA679000346 ---- Ups Apc 800va 4t Estabilizador Y Protector De Tension Gtia Oficial 2 Años Simil Ideal Para Uso Gamer ----- MLA1720 ---- MLA-STABILIZERS_AND_UPS
MLA673321805 ---- Ups Apc 1500va Estabilizador Y Protector De Tension - Alto Rendimiento Para Pc De Hogar Y Oficina Gtia 2años ----- MLA1720 ---- MLA-STABILIZERS_AND_UPS
MLA897953982 ---- Notebook Dell Vostro I3 15.6 8gb 1tb + 240ssd Ubuntu Ñ ----- MLA1652 ---- MLA-NOTEBOOKS
MLA800415301 ---- Servidor Dell T140 Xeon E3-2124 16gb 2tb Reemplazo T130 ----- MLA1649 ---- MLA-DESKTOP_COMPUTERS
MLA806652269 ---- Monitor Dell 27 Profesional P2719h 1080 60hz Vertical Fhd ----- MLA14407 ---- MLA-COMPUTER_MONITORS
MLA689122291 ---- Notebook Dell I5 8gb 1tb + Ssd Windows 10 ----- MLA1652 ---- MLA-NOTEBOOKS
MLA896718634 ---- Servidor Poweredge Dell T40 Xeon E3-2224 16gb 2tb Hd Gtia ----- MLA1649 ---- MLA-DESKTOP_COMPUTERS
MLA685428555 ---- Switch Cisco 16 Puertos Port 10/100/1000 Rack (ex Sg100-16) Para Hogar Y Empresa - Garantia Oficial - Factura A Y B ----- MLA1708 ---- MLA-NETWORK_SWITCHES
MLA685442543 ---- Switch Cisco Sg110-24 24 Puertos Gigabit Rack (ex. Sg100-24) ----- MLA1708 ---- MLA-NETWORK_SWITCHES
MLA830190937 ---- Notebook Lapto Dell I3 16gb 1tb + Ssd 480gb Win10 Oferta ----- MLA1652 ---- MLA-NOTEBOOKS
MLA614270244 ---- Ups Apc 1000va Para Pc Gamer Simil Bx1100 Bv1000i-ar Estabilizador Y Protector De Tension Gtia Oficial 2 Años ----- MLA1720 ---- MLA-STABILIZERS_AND_UPS
MLA795525764 ---- Ups Apc Easy Bv650i-ar 650va Gtia Oficial 2 Años Bv650 ----- MLA1720 ---- MLA-STABILIZERS_AND_UPS
MLA663219401 ---- Notebook Dell I5 8gb Ssd 256gb 13,3 Win10 ----- MLA1652 ---- MLA-NOTEBOOKS
MLA671611113 ---- Ups Apc Br1200g Ar 1200va Estabilizador Br1200 Gtia 2 Años ----- MLA1720 ---- MLA-STABILIZERS_AND_UPS
MLA683885395 ---- Ups Apc Bv1000i 1000va Para Pc Gamer Simil Bx1100 ----- MLA1720 ---- MLA-STABILIZERS_AND_UPS
MLA897766169 ---- Notebook Dell Vostro I3 15.6  8g 1tb Ubuntu Teclado Con Ñ ----- MLA1652 ---- MLA-NOTEBOOKS
MLA839633052 ---- Ups Apc Easy Bv500i-ar 500va Bv500 Gtia Oficial 2 Años ----- MLA1720 ---- MLA-STABILIZERS_AND_UPS
MLA837857505 ---- Notebook Dell I5 16gb 1tb + Ssd Windows 10 Ram ----- MLA1652 ---- MLA-NOTEBOOKS
MLA640303035 ---- Ups Apc Br1500g 1500va Estabilizador  Gtia 2 Años Br1500g-ar ----- MLA1720 ---- MLA-STABILIZERS_AND_UPS
MLA696010903 ---- Ups Apc Src2ki-ar 2000va Online Tower Src2ki ----- MLA1720 ---- MLA-STABILIZERS_AND_UPS
MLA897948954 ---- Notebook Dell Vostro I5 15.6 20g 1tb + 480ssd  Ubuntu Ñ ----- MLA1652 ---- MLA-NOTEBOOKS
MLA790641629 ---- Monitor Dell 24 Profesional P2419h - Modelo Nuevo! Ex-p2417h ----- MLA14407 ---- MLA-COMPUTER_MONITORS
MLA901188774 ---- Notebook Dell Latitude I7 3510 32gb 256ssd + 480ssd Gf W10p ----- MLA1652 ---- MLA-NOTEBOOKS
MLA696010061 ---- Ups Apc Src1ki-ar 1000va Online Tower Src1ki Gtia 2 Años ----- MLA1720 ---- MLA-STABILIZERS_AND_UPS
MLA689148569 ---- Switch 8 Bocas Cisco 8 Puertos 10/100mbps Para Hogar Y Empresa - Garantia Oficial - Factura A Y B ----- MLA1708 ---- MLA-NETWORK_SWITCHES
MLA837801073 ---- Notebook Laptop Dell Inspiron I3 8gb 1tb + 480 Ssd Win 10 ----- MLA1652 ---- MLA-NOTEBOOKS
MLA806656370 ---- Router Wifi Linksys Ea6100 Dualband Usb 3.0 Control Parental ----- MLA430901 ---- MLA-ROUTERS_AND_WIRELESS_SYSTEMS
MLA619242948 ---- Router Wifi Linksys Dual Band 600mbps 802.11n Usb ----- MLA430901 ---- MLA-ROUTERS_AND_WIRELESS_SYSTEMS
MLA901157460 ---- Notebook Dell Latitude I7 3510 16gb 256ssd + 480ssd Gf W10p ----- MLA1652 ---- MLA-NOTEBOOKS
